2022-02-02 10:22:13,023 mloop                INFO     M-LOOP version 3.2.1
2022-02-02 10:22:13,023 mloop                DEBUG    M-LOOP Logger configured.
2022-02-02 10:22:13,024 mloop.interfaces     DEBUG    Creating interface.
2022-02-02 10:22:13,027 mloop.controllers    DEBUG    Controller init completed.
2022-02-02 10:22:13,029 mloop.learners.1     DEBUG    Learner init completed.
2022-02-02 10:22:13,032 mloop.learners.2     DEBUG    Learner init completed.
2022-02-02 10:22:13,059 mloop.controllers    INFO     Optimization started.
2022-02-02 10:22:13,061 mloop.interfaces     DEBUG    Entering main loop of interface.
2022-02-02 10:22:13,061 mloop.controllers    DEBUG    ML learner started.
2022-02-02 10:22:13,191 mloop.controllers    DEBUG    Starting training optimization.
2022-02-02 10:22:13,191 mloop.controllers    INFO     Run:1 (training)
2022-02-02 10:22:13,193 mloop.controllers    INFO     params [ 5.040e+01  5.032e+01  5.100e+00  5.000e-01 -8.000e-01 -2.000e-02
 -1.860e+00]
2022-02-02 10:22:28,476 mloop.controllers    INFO     cost -652.413955229329 +/- 0.0
2022-02-02 10:22:28,477 mloop.controllers    INFO     Run:2 (training)
2022-02-02 10:22:28,480 mloop.controllers    INFO     params [50.31738718 50.55042346  5.18904951  0.6907337  -0.65077529 -0.69267271
 -0.23689253]
2022-02-02 10:22:44,810 mloop.controllers    INFO     cost -0.0 +/- 0.0
2022-02-02 10:22:44,811 mloop.controllers    INFO     Run:3 (training)
2022-02-02 10:22:44,814 mloop.controllers    INFO     params [50.3889849  50.37905967  5.0648172   0.21739378  0.14084432  0.18287016
 -2.25677511]
2022-02-02 10:22:57,979 mloop.controllers    INFO     cost -0.0 +/- 0.0
2022-02-02 10:22:57,979 mloop.controllers    INFO     Run:4 (training)
2022-02-02 10:22:57,982 mloop.controllers    INFO     params [50.41274452 50.57572104  5.03595116  0.23577871 -1.13933312 -0.75710355
 -0.58106041]
2022-02-02 10:23:01,527 mloop.controllers    WARNING  Controller ended due to exception of some kind. Starting shut down...
2022-02-02 10:23:01,528 mloop.controllers    DEBUG    ML learner end set.
