2022-02-01 19:04:01,092 mloop                INFO     M-LOOP version 3.2.1
2022-02-01 19:04:01,092 mloop                DEBUG    M-LOOP Logger configured.
2022-02-01 19:04:01,093 mloop.interfaces     DEBUG    Creating interface.
2022-02-01 19:04:01,095 mloop.controllers    DEBUG    Controller init completed.
2022-02-01 19:04:01,097 mloop.learners.1     DEBUG    Learner init completed.
2022-02-01 19:04:01,099 mloop.learners.2     DEBUG    Learner init completed.
2022-02-01 19:04:01,123 mloop.controllers    INFO     Optimization started.
2022-02-01 19:04:01,124 mloop.interfaces     DEBUG    Entering main loop of interface.
2022-02-01 19:04:01,125 mloop.controllers    DEBUG    ML learner started.
2022-02-01 19:04:01,235 mloop.controllers    DEBUG    Starting training optimization.
2022-02-01 19:04:01,235 mloop.controllers    INFO     Run:1 (training)
2022-02-01 19:04:01,237 mloop.controllers    INFO     params [ 5.048e+01  5.032e+01  5.100e+00  5.000e-01 -8.000e-01 -2.000e-02
 -1.860e+00]
2022-02-01 19:04:20,879 mloop.controllers    INFO     cost -0.0 +/- 0.0
2022-02-01 19:04:20,881 mloop.controllers    INFO     Run:2 (training)
2022-02-01 19:04:20,883 mloop.controllers    INFO     params [50.34532826 50.50956284  5.10589603 -0.40172282  0.203907    0.36540078
 -0.7424236 ]
2022-02-01 19:04:38,238 mloop.controllers    INFO     cost -0.0 +/- 0.0
2022-02-01 19:04:38,239 mloop.controllers    INFO     Run:3 (training)
2022-02-01 19:04:38,241 mloop.controllers    INFO     params [50.47704201 50.54642547  5.07994269 -0.19380397 -0.36485097  0.63719006
 -1.66203765]
2022-02-01 19:04:55,365 mloop.controllers    INFO     cost -0.0 +/- 0.0
2022-02-01 19:04:55,365 mloop.controllers    INFO     Run:4 (training)
2022-02-01 19:04:55,367 mloop.controllers    INFO     params [ 5.03263896e+01  5.01493884e+01  5.01980172e+00  8.38460236e-01
 -2.37791062e-02  4.35050597e-01 -6.23483485e-01]
2022-02-01 19:05:12,445 mloop.controllers    INFO     cost -0.0 +/- 0.0
2022-02-01 19:05:12,445 mloop.controllers    INFO     Run:5 (training)
2022-02-01 19:05:12,447 mloop.controllers    INFO     params [50.53054064 50.54973977  5.10369017 -0.28024042 -1.19017214 -0.51565816
 -0.48407481]
2022-02-01 19:05:26,026 mloop.controllers    INFO     cost -0.0 +/- 0.0
2022-02-01 19:05:26,027 mloop.controllers    INFO     Run:6 (training)
2022-02-01 19:05:26,029 mloop.controllers    INFO     params [50.41388405 50.17390549  5.1941458   0.52877541  0.27010944  0.43092805
 -2.42609564]
2022-02-01 19:07:43,324 mloop.controllers    WARNING  Controller ended due to exception of some kind. Starting shut down...
2022-02-01 19:07:43,325 mloop.controllers    DEBUG    ML learner end set.
