2022-04-01 11:31:51,402 mloop                INFO     M-LOOP version 3.2.1
2022-04-01 11:31:51,402 mloop                DEBUG    M-LOOP Logger configured.
2022-04-01 11:31:51,402 mloop.interfaces     DEBUG    Creating interface.
2022-04-01 11:31:51,402 mloop.controllers    DEBUG    Controller init completed.
2022-04-01 11:31:51,402 mloop.learners.1     DEBUG    Learner init completed.
2022-04-01 11:31:51,402 mloop.learners.1     ERROR    first_params is not in the boundary:array([50.0503, 50.011 ,  5.3185,  0.1155, -0.7996, 48.6388,  0.38  ,
        0.1361,  0.3129])
2022-04-01 11:31:54,106 mloop.interfaces     DEBUG    Creating interface.
2022-04-01 11:31:54,107 mloop.controllers    DEBUG    Controller init completed.
2022-04-01 11:31:54,109 mloop.learners.2     DEBUG    Learner init completed.
2022-04-01 11:31:54,110 mloop.learners.2     ERROR    first_params is not in the boundary:array([50.0503, 50.011 ,  5.3185,  0.1155, -0.7996, 48.6388,  0.38  ,
        0.1361,  0.3129])
2022-04-01 11:32:11,173 mloop.interfaces     DEBUG    Creating interface.
2022-04-01 11:32:11,174 mloop.controllers    DEBUG    Controller init completed.
2022-04-01 11:32:11,175 mloop.learners.3     DEBUG    Learner init completed.
2022-04-01 11:32:11,176 mloop.learners.3     ERROR    first_params is not in the boundary:array([50.0503, 50.011 ,  5.3185,  0.1155, -0.7996, 48.6388,  0.38  ,
        0.1361,  0.3129])
2022-04-01 11:32:19,811 mloop.interfaces     DEBUG    Creating interface.
2022-04-01 11:32:19,814 mloop.controllers    DEBUG    Controller init completed.
2022-04-01 11:32:19,816 mloop.learners.4     DEBUG    Learner init completed.
2022-04-01 11:32:19,816 mloop.learners.4     ERROR    first_params is not in the boundary:array([50.0503, 50.011 ,  5.3185,  0.1155, -0.7996, 48.6388,  0.38  ,
        0.1361,  0.3129])
2022-04-01 11:33:24,995 mloop.interfaces     DEBUG    Creating interface.
2022-04-01 11:33:24,996 mloop.controllers    DEBUG    Controller init completed.
2022-04-01 11:33:24,998 mloop.learners.5     DEBUG    Learner init completed.
2022-04-01 11:33:24,998 mloop.learners.5     ERROR    first_params is not in the boundary:array([50.0503, 50.011 ,  5.3185,  0.1155, -0.7996, 48.6388,  0.38  ,
        0.1361,  0.3129])
