2022-02-02 18:06:49,224 mloop                INFO     M-LOOP version 3.2.1
2022-02-02 18:06:49,224 mloop                DEBUG    M-LOOP Logger configured.
2022-02-02 18:06:49,225 mloop.interfaces     DEBUG    Creating interface.
2022-02-02 18:06:49,229 mloop.controllers    DEBUG    Controller init completed.
2022-02-02 18:06:49,232 mloop.learners.1     DEBUG    Learner init completed.
2022-02-02 18:06:49,237 mloop.learners.2     DEBUG    Learner init completed.
2022-02-02 18:06:49,268 mloop.controllers    INFO     Optimization started.
2022-02-02 18:06:49,270 mloop.interfaces     DEBUG    Entering main loop of interface.
2022-02-02 18:06:49,271 mloop.controllers    DEBUG    ML learner started.
2022-02-02 18:06:49,406 mloop.controllers    DEBUG    Starting training optimization.
2022-02-02 18:06:49,406 mloop.controllers    INFO     Run:1 (training)
2022-02-02 18:06:49,409 mloop.controllers    INFO     params [50.4  50.22 -0.12  0.16 47.    0.3   0.12  0.3 ]
2022-02-02 18:06:57,370 mloop.controllers    INFO     cost -0.0 +/- 0.0
2022-02-02 18:06:57,371 mloop.controllers    INFO     Run:2 (training)
2022-02-02 18:06:57,374 mloop.controllers    INFO     params [50.35354292 50.11218847 -0.84855089  0.06083385 48.26109765  0.3135856
  0.10043606  0.23189611]
2022-02-02 18:07:33,817 mloop.controllers    INFO     cost -0.0 +/- 0.0
2022-02-02 18:07:33,818 mloop.controllers    INFO     Run:3 (training)
2022-02-02 18:07:33,821 mloop.controllers    INFO     params [50.38635415 50.34687399 -0.53898084 -0.47621604 43.0578274   0.32925117
  0.09604417  0.29608499]
2022-02-02 18:08:15,957 mloop.controllers    INFO     cost -0.0 +/- 0.0
2022-02-02 18:08:15,958 mloop.controllers    INFO     Run:4 (training)
2022-02-02 18:08:15,959 mloop.controllers    INFO     params [50.5093256  50.24589951 -0.35822506  0.38087528 48.4604169   0.2923109
  0.11452401  0.28519871]
2022-02-02 18:08:55,859 mloop.controllers    INFO     cost -0.0 +/- 0.0
2022-02-02 18:08:55,860 mloop.controllers    INFO     Run:5 (training)
2022-02-02 18:08:55,862 mloop.controllers    INFO     params [50.475357   50.11970774 -0.94913254  0.05929443 49.85421915  0.30875235
  0.14902461  0.31003969]
2022-02-02 18:09:31,241 mloop.controllers    INFO     cost -0.0 +/- 0.0
2022-02-02 18:09:31,242 mloop.controllers    INFO     Run:6 (training)
2022-02-02 18:09:31,245 mloop.controllers    INFO     params [ 5.04026757e+01  5.04270993e+01 -1.59449529e-02 -6.39539043e-02
  4.78089998e+01  2.98665811e-01  1.19439378e-01  2.93435474e-01]
2022-02-02 18:09:49,437 mloop.controllers    INFO     cost -0.0 +/- 0.0
2022-02-02 18:09:49,437 mloop.controllers    INFO     Run:7 (training)
2022-02-02 18:09:49,439 mloop.controllers    INFO     params [50.3982517  50.43139395 -0.1092509  -0.7772933  47.58469944  0.34186188
  0.09349947  0.21698322]
2022-02-02 18:10:06,833 mloop.controllers    INFO     cost -0.0 +/- 0.0
2022-02-02 18:10:06,833 mloop.controllers    INFO     Run:8 (training)
2022-02-02 18:10:06,835 mloop.controllers    INFO     params [50.33595631 50.19668918  0.61333935 -1.08925531 47.73440595  0.32872887
  0.10471822  0.22418374]
2022-02-02 18:10:23,494 mloop.controllers    INFO     cost -0.0 +/- 0.0
2022-02-02 18:10:23,494 mloop.controllers    INFO     Run:9 (training)
2022-02-02 18:10:23,497 mloop.controllers    INFO     params [ 5.04318104e+01  5.04787807e+01  5.46062184e-01 -2.30533610e-02
  4.96703649e+01  3.07801246e-01  1.48545953e-01  2.69809122e-01]
2022-02-02 18:10:39,144 mloop.controllers    INFO     cost -0.0 +/- 0.0
2022-02-02 18:10:39,144 mloop.controllers    INFO     Run:10 (training)
2022-02-02 18:10:39,146 mloop.controllers    INFO     params [50.33506434 50.23008528 -0.69314589 -0.11353346 43.25676708  0.31389318
  0.10344014  0.28723562]
2022-02-02 18:10:54,231 mloop.controllers    INFO     cost -16.396666691617703 +/- 0.0
2022-02-02 18:10:54,231 mloop.controllers    INFO     Run:11 (training)
2022-02-02 18:10:54,233 mloop.controllers    INFO     params [50.48156217 50.48962482  0.27452293 -1.16680737 44.66165203  0.30292548
  0.11983015  0.2067092 ]
2022-02-02 18:11:10,998 mloop.controllers    INFO     cost -0.0 +/- 0.0
2022-02-02 18:11:10,999 mloop.controllers    INFO     Run:12 (training)
2022-02-02 18:11:11,002 mloop.controllers    INFO     params [5.04159187e+01 5.03067319e+01 4.85278639e-02 6.63649823e-01
 4.67156302e+01 2.85158836e-01 9.68820665e-02 2.99167794e-01]
2022-02-02 18:11:28,065 mloop.controllers    INFO     cost -0.0 +/- 0.0
2022-02-02 18:11:28,065 mloop.controllers    INFO     Run:13 (training)
2022-02-02 18:11:28,067 mloop.controllers    INFO     params [50.50913497 50.48958743 -0.70403991  0.96536645 44.24956523  0.29391862
  0.11970295  0.15830941]
2022-02-02 18:11:47,691 mloop.controllers    INFO     cost -0.0 +/- 0.0
2022-02-02 18:11:47,692 mloop.controllers    INFO     Run:14 (training)
2022-02-02 18:11:47,695 mloop.controllers    INFO     params [50.3369962  50.37235071 -0.56257493 -0.16306079 44.06419705  0.36357773
  0.12659276  0.2730385 ]
2022-02-02 18:12:04,185 mloop.controllers    INFO     cost -538.1348371085745 +/- 0.0
2022-02-02 18:12:04,185 mloop.controllers    INFO     Run:15 (training)
2022-02-02 18:12:04,188 mloop.controllers    INFO     params [5.04045974e+01 5.04571363e+01 4.59629081e-02 3.95783634e-01
 4.58883819e+01 3.61396705e-01 1.22118230e-01 2.46581996e-01]
2022-02-02 18:12:19,809 mloop.controllers    INFO     cost -0.0 +/- 0.0
2022-02-02 18:12:19,809 mloop.controllers    INFO     Run:16 (training)
2022-02-02 18:12:19,811 mloop.controllers    INFO     params [50.34592002 50.19139629 -0.07926261  0.10551993 43.83508878  0.33255374
  0.14231052  0.17731511]
2022-02-02 18:12:35,103 mloop.controllers    INFO     cost -0.0 +/- 0.0
2022-02-02 18:12:35,103 mloop.controllers    INFO     Run:17 (training)
2022-02-02 18:12:35,105 mloop.controllers    INFO     params [5.03786260e+01 5.02643116e+01 3.16098272e-02 8.81070020e-01
 4.64429213e+01 3.24296712e-01 1.14192448e-01 2.78148465e-01]
2022-02-02 18:12:52,635 mloop.controllers    INFO     cost -0.0 +/- 0.0
2022-02-02 18:12:52,636 mloop.controllers    INFO     Run:18 (training)
2022-02-02 18:12:52,637 mloop.controllers    INFO     params [50.46024212 50.36774804 -0.86238563 -0.32994899 42.22595325  0.36630844
  0.10977079  0.25948403]
2022-02-02 18:13:08,936 mloop.controllers    INFO     cost -0.0 +/- 0.0
2022-02-02 18:13:08,937 mloop.controllers    INFO     Run:19 (training)
2022-02-02 18:13:08,939 mloop.controllers    INFO     params [50.33769096 50.44525141  0.40721627 -1.31948521 44.07370734  0.37214495
  0.1447591   0.30790977]
2022-02-02 18:13:24,498 mloop.controllers    INFO     cost -0.0 +/- 0.0
2022-02-02 18:13:24,498 mloop.controllers    INFO     Run:20 (training)
2022-02-02 18:13:24,500 mloop.controllers    INFO     params [50.45621928 50.29567561  0.17885011 -0.2113494  45.82218873  0.35444563
  0.14578364  0.1247777 ]
2022-02-02 18:13:43,061 mloop.controllers    INFO     cost -0.0 +/- 0.0
2022-02-02 18:13:43,062 mloop.controllers    INFO     Run:21 (training)
2022-02-02 18:13:43,064 mloop.controllers    INFO     params [50.31497609 50.48764411 -0.37270997 -1.39831652 43.32017876  0.34918782
  0.13049242  0.16237747]
2022-02-02 18:14:01,920 mloop.controllers    INFO     cost -0.0 +/- 0.0
2022-02-02 18:14:01,921 mloop.controllers    INFO     Run:22 (training)
2022-02-02 18:14:01,923 mloop.controllers    INFO     params [50.42425919 50.60692733 -0.57136762  0.29328406 47.43272218  0.35126736
  0.12856351  0.15517478]
2022-02-02 18:14:19,374 mloop.controllers    INFO     cost -0.0 +/- 0.0
2022-02-02 18:14:19,375 mloop.controllers    INFO     Run:23 (training)
2022-02-02 18:14:19,376 mloop.controllers    INFO     params [50.49558993 50.56203185 -0.82797135 -0.30276069 46.06441319  0.33974829
  0.10805861  0.16315566]
2022-02-02 18:14:31,344 mloop.controllers    INFO     cost -0.0 +/- 0.0
2022-02-02 18:14:31,345 mloop.controllers    INFO     Run:24 (training)
2022-02-02 18:14:31,346 mloop.controllers    INFO     params [50.46825999 50.22198543 -0.5198979   0.72749787 43.58749556  0.3618994
  0.0968719   0.28592601]
2022-02-02 18:14:44,910 mloop.controllers    INFO     cost -0.0 +/- 0.0
2022-02-02 18:14:44,910 mloop.controllers    INFO     Run:25 (training)
2022-02-02 18:14:44,912 mloop.controllers    INFO     params [50.33784876 50.45779869  0.41830887 -0.32615551 43.09160688  0.3239045
  0.111649    0.14130788]
2022-02-02 18:15:02,339 mloop.controllers    INFO     cost -0.0 +/- 0.0
2022-02-02 18:15:02,339 mloop.controllers    INFO     Run:26 (training)
2022-02-02 18:15:02,341 mloop.controllers    INFO     params [50.47322108 50.32938972 -0.42761069  0.87722359 46.82015592  0.37720931
  0.13479348  0.21826031]
2022-02-02 18:15:18,110 mloop.controllers    INFO     cost -0.0 +/- 0.0
2022-02-02 18:15:18,110 mloop.controllers    INFO     Run:27 (training)
2022-02-02 18:15:18,113 mloop.controllers    INFO     params [5.03367701e+01 5.06001044e+01 1.27764816e-01 1.98341664e-02
 4.78025551e+01 3.75396852e-01 1.40844237e-01 2.62966533e-01]
2022-02-02 18:15:30,072 mloop.controllers    INFO     cost -0.0 +/- 0.0
2022-02-02 18:15:30,072 mloop.controllers    INFO     Run:28 (training)
2022-02-02 18:15:30,074 mloop.controllers    INFO     params [50.35059159 50.37933944 -0.50941675 -0.33116644 46.47355355  0.34498719
  0.14630327  0.24284713]
2022-02-02 18:15:45,688 mloop.controllers    INFO     cost -0.0 +/- 0.0
2022-02-02 18:15:45,689 mloop.controllers    INFO     Run:29 (training)
2022-02-02 18:15:45,691 mloop.controllers    INFO     params [50.45205819 50.46499991  0.33888697 -1.27710328 43.32656292  0.36782658
  0.10287064  0.1440588 ]
2022-02-02 18:16:07,441 mloop.controllers    INFO     cost -0.0 +/- 0.0
2022-02-02 18:16:07,441 mloop.controllers    INFO     Run:30 (training)
2022-02-02 18:16:07,443 mloop.controllers    INFO     params [50.44022631 50.1439265  -0.26554599 -0.62651474 45.53312343  0.32195836
  0.1486997   0.12667284]
2022-02-02 18:16:19,710 mloop.controllers    INFO     cost -0.0 +/- 0.0
2022-02-02 18:16:19,710 mloop.controllers    INFO     Run:31 (training)
2022-02-02 18:16:19,712 mloop.controllers    INFO     params [50.41669653 50.2543886  -0.30704979 -1.30637447 46.53866257  0.37116153
  0.11104183  0.17887306]
2022-02-02 18:16:31,685 mloop.controllers    INFO     cost -0.0 +/- 0.0
2022-02-02 18:16:31,686 mloop.controllers    INFO     Run:32 (training)
2022-02-02 18:16:31,688 mloop.controllers    INFO     params [50.35931954 50.56767963 -0.0676908   0.51016607 42.53890566  0.34328132
  0.12769281  0.12696518]
2022-02-02 18:16:55,965 mloop.controllers    INFO     cost -0.0 +/- 0.0
2022-02-02 18:16:55,965 mloop.controllers    INFO     Run:33 (training)
2022-02-02 18:16:55,967 mloop.controllers    INFO     params [50.30483328 50.16428575  0.16803533 -0.92047034 47.61452046  0.36279075
  0.10078471  0.24349763]
2022-02-02 18:17:13,805 mloop.controllers    INFO     cost -0.0 +/- 0.0
2022-02-02 18:17:13,805 mloop.controllers    INFO     Run:34 (training)
2022-02-02 18:17:13,807 mloop.controllers    INFO     params [50.45001118 50.48075416 -0.98472512  0.80872307 47.10441547  0.31798605
  0.10508374  0.22783975]
2022-02-02 18:17:25,910 mloop.controllers    INFO     cost -0.0 +/- 0.0
2022-02-02 18:17:25,910 mloop.controllers    INFO     Run:35 (training)
2022-02-02 18:17:25,912 mloop.controllers    INFO     params [ 5.04407088e+01  5.02864638e+01 -2.63589790e-02  1.68910137e-01
  4.52027175e+01  3.69806108e-01  1.46224689e-01  1.61102103e-01]
2022-02-02 18:17:41,743 mloop.controllers    INFO     cost -0.0 +/- 0.0
2022-02-02 18:17:41,744 mloop.controllers    INFO     Run:36 (training)
2022-02-02 18:17:41,746 mloop.controllers    INFO     params [50.48043321 50.47789175 -0.18196351 -0.1544026  46.43878913  0.32615613
  0.11698398  0.18169415]
2022-02-02 18:17:41,747 mloop.controllers    DEBUG    Starting ML optimization.
2022-02-02 18:17:57,052 mloop.controllers    INFO     cost -0.0 +/- 0.0
2022-02-02 18:17:57,078 mloop.controllers    DEBUG    End training runs.
2022-02-02 18:17:57,079 mloop.controllers    INFO     Run:37 (machine learner)
2022-02-02 18:17:58,233 mloop.controllers    INFO     params [50.3        50.37611662 -0.8418868   0.68606314 42.          0.37357447
  0.12934719  0.314     ]
2022-02-02 18:18:09,298 mloop.controllers    INFO     cost -0.0 +/- 0.0
2022-02-02 18:18:09,299 mloop.controllers    INFO     Run:38 (machine learner)
2022-02-02 18:18:09,300 mloop.controllers    INFO     params [50.3        50.19537644 -0.88278037  0.1105552  42.          0.38
  0.14410948  0.314     ]
2022-02-02 18:18:27,348 mloop.controllers    INFO     cost -0.0 +/- 0.0
2022-02-02 18:18:27,348 mloop.controllers    INFO     Run:39 (machine learner)
2022-02-02 18:18:27,349 mloop.controllers    INFO     params [50.3        50.31948724 -1.          0.23753443 42.          0.38
  0.11888142  0.314     ]
2022-02-02 18:18:39,348 mloop.controllers    INFO     cost -0.0 +/- 0.0
2022-02-02 18:18:39,349 mloop.controllers    INFO     Run:40 (trainer)
2022-02-02 18:18:39,351 mloop.controllers    INFO     params [50.43041807 50.44178434  0.40692001 -0.6317788  46.77453005  0.31694109
  0.11164613  0.2396807 ]
2022-02-02 18:18:54,542 mloop.controllers    INFO     cost -0.0 +/- 0.0
2022-02-02 18:18:54,542 mloop.controllers    INFO     Run:41 (machine learner)
2022-02-02 18:18:54,543 mloop.controllers    INFO     params [50.3        50.39721001 -0.75174716 -0.74853265 44.69899331  0.36860254
  0.13008264  0.2614304 ]
2022-02-02 18:19:10,606 mloop.controllers    INFO     cost -0.0 +/- 0.0
2022-02-02 18:19:10,606 mloop.controllers    INFO     Run:42 (machine learner)
2022-02-02 18:19:10,608 mloop.controllers    INFO     params [50.3        50.43624431 -0.55981543 -0.09006889 43.9528041   0.38
  0.13429712  0.30298222]
2022-02-02 18:19:26,137 mloop.controllers    INFO     cost -0.0 +/- 0.0
2022-02-02 18:19:26,137 mloop.controllers    INFO     Run:43 (machine learner)
2022-02-02 18:19:26,138 mloop.controllers    INFO     params [50.30400312 50.45943515 -0.39697101 -0.43715122 44.10615548  0.37031867
  0.12386459  0.29938317]
2022-02-02 18:19:39,916 mloop.controllers    INFO     cost -0.0 +/- 0.0
2022-02-02 18:19:39,916 mloop.controllers    INFO     Run:44 (trainer)
2022-02-02 18:19:39,919 mloop.controllers    INFO     params [5.04410905e+01 5.04113530e+01 4.27881599e-02 3.01730396e-01
 4.28266594e+01 3.39762052e-01 1.37960718e-01 3.07493654e-01]
2022-02-02 18:19:52,414 mloop.controllers    INFO     cost -0.0 +/- 0.0
2022-02-02 18:19:52,414 mloop.controllers    INFO     Run:45 (machine learner)
2022-02-02 18:19:52,416 mloop.controllers    INFO     params [50.34517033 50.36305252 -0.5453205  -0.05345877 43.78950242  0.35911676
  0.12709312  0.26386954]
2022-02-02 18:20:05,683 mloop.controllers    INFO     cost -0.0 +/- 0.0
2022-02-02 18:20:05,683 mloop.controllers    INFO     Run:46 (machine learner)
2022-02-02 18:20:05,685 mloop.controllers    INFO     params [50.34077699 50.33287155 -0.58405537 -0.08820787 44.5808307   0.36752979
  0.12204071  0.26488169]
2022-02-02 18:20:23,569 mloop.controllers    INFO     cost -0.0 +/- 0.0
2022-02-02 18:20:23,569 mloop.controllers    INFO     Run:47 (machine learner)
2022-02-02 18:20:23,570 mloop.controllers    INFO     params [ 5.03448494e+01  5.03513492e+01 -5.77915740e-01 -3.45899243e-02
  4.37125033e+01  3.61423360e-01  1.23644655e-01  2.70216521e-01]
2022-02-02 18:20:39,178 mloop.controllers    INFO     cost -0.0 +/- 0.0
2022-02-02 18:20:39,179 mloop.controllers    INFO     Run:48 (trainer)
2022-02-02 18:20:39,181 mloop.controllers    INFO     params [50.37598872 50.31932772  0.41694795 -0.17562202 43.02099798  0.34129436
  0.11395042  0.14876607]
2022-02-02 18:20:57,199 mloop.controllers    INFO     cost -0.0 +/- 0.0
2022-02-02 18:20:57,199 mloop.controllers    INFO     Run:49 (machine learner)
2022-02-02 18:20:57,201 mloop.controllers    INFO     params [50.3316972  50.39314943 -0.57862753 -0.25114514 43.95263322  0.36197118
  0.12463526  0.27089178]
2022-02-02 18:21:13,017 mloop.controllers    INFO     cost -0.0 +/- 0.0
2022-02-02 18:21:13,018 mloop.controllers    INFO     Run:50 (machine learner)
2022-02-02 18:21:13,020 mloop.controllers    INFO     params [50.33872251 50.366046   -0.55523789 -0.26318659 43.97406001  0.36317343
  0.12786222  0.27980783]
2022-02-02 18:21:28,786 mloop.controllers    INFO     cost -0.0 +/- 0.0
2022-02-02 18:21:28,787 mloop.controllers    INFO     Run:51 (machine learner)
2022-02-02 18:21:28,790 mloop.controllers    INFO     params [50.32786603 50.38803482 -0.48233169 -0.17350839 43.94857004  0.36035724
  0.127041    0.27781368]
2022-02-02 18:21:44,568 mloop.controllers    INFO     cost -0.0 +/- 0.0
2022-02-02 18:21:44,569 mloop.controllers    INFO     Run:52 (trainer)
2022-02-02 18:21:44,571 mloop.controllers    INFO     params [50.39382998 50.25519515 -0.96187206 -1.15766804 47.96451231  0.35500544
  0.13501035  0.28185795]
2022-02-02 18:22:00,567 mloop.controllers    INFO     cost -0.0 +/- 0.0
2022-02-02 18:22:00,567 mloop.controllers    INFO     Run:53 (machine learner)
2022-02-02 18:22:00,569 mloop.controllers    INFO     params [50.3440028  50.36805749 -0.72823073 -0.36591697 44.09572304  0.37662588
  0.1246475   0.22356117]
2022-02-03 17:14:16,672 mloop.controllers    WARNING  Controller ended due to exception of some kind. Starting shut down...
2022-02-03 17:14:16,675 mloop.controllers    DEBUG    ML learner end set.
