2022-02-01 19:55:40,296 mloop                INFO     M-LOOP version 3.2.1
2022-02-01 19:55:40,296 mloop                DEBUG    M-LOOP Logger configured.
2022-02-01 19:55:40,297 mloop.interfaces     DEBUG    Creating interface.
2022-02-01 19:55:40,298 mloop.controllers    DEBUG    Controller init completed.
2022-02-01 19:55:40,300 mloop.learners.1     DEBUG    Learner init completed.
2022-02-01 19:55:40,302 mloop.learners.2     DEBUG    Learner init completed.
2022-02-01 19:55:40,326 mloop.controllers    INFO     Optimization started.
2022-02-01 19:55:40,328 mloop.interfaces     DEBUG    Entering main loop of interface.
2022-02-01 19:55:40,328 mloop.controllers    DEBUG    ML learner started.
2022-02-01 19:55:40,435 mloop.controllers    DEBUG    Starting training optimization.
2022-02-01 19:55:40,435 mloop.controllers    INFO     Run:1 (training)
2022-02-01 19:55:40,437 mloop.controllers    INFO     params [ 5.048e+01  5.032e+01  5.100e+00  5.000e-01 -8.000e-01 -2.000e-02
 -1.860e+00]
2022-02-01 19:55:56,368 mloop.controllers    INFO     cost -0.0 +/- 0.0
2022-02-01 19:55:56,369 mloop.controllers    INFO     Run:2 (training)
2022-02-01 19:55:56,372 mloop.controllers    INFO     params [50.40263528 50.18514356  5.09601983 -0.08154265  0.3934507   0.23928585
 -0.28765329]
2022-02-01 19:56:13,357 mloop.controllers    INFO     cost -0.0 +/- 0.0
2022-02-01 19:56:13,357 mloop.controllers    INFO     Run:3 (training)
2022-02-01 19:56:13,359 mloop.controllers    INFO     params [50.48948229 50.5226692   5.24918097  0.72327361 -1.37148455 -0.48087993
 -0.32045869]
2022-02-01 19:56:25,772 mloop.controllers    INFO     cost -0.0 +/- 0.0
2022-02-01 19:56:25,773 mloop.controllers    INFO     Run:4 (training)
2022-02-01 19:56:25,775 mloop.controllers    INFO     params [50.56938907 50.51155481  5.17158673 -0.23941532  0.37941065  0.76197229
 -0.18152195]
2022-02-01 19:56:46,701 mloop.controllers    INFO     cost -0.0 +/- 0.0
2022-02-01 19:56:46,702 mloop.controllers    INFO     Run:5 (training)
2022-02-01 19:56:46,704 mloop.controllers    INFO     params [50.4193456  50.53141421  5.10828822 -0.34897255 -0.1842571   0.99768585
 -0.64210118]
2022-02-01 19:57:01,756 mloop.controllers    INFO     cost -0.0 +/- 0.0
2022-02-01 19:57:01,756 mloop.controllers    INFO     Run:6 (training)
2022-02-01 19:57:01,758 mloop.controllers    INFO     params [50.48074322 50.12145556  5.04248997 -0.31837113  0.2614533   0.08439899
 -1.79315539]
2022-02-01 19:57:20,810 mloop.controllers    INFO     cost -0.0 +/- 0.0
2022-02-01 19:57:20,810 mloop.controllers    INFO     Run:7 (training)
2022-02-01 19:57:20,812 mloop.controllers    INFO     params [ 5.06440748e+01  5.01025673e+01  5.18954434e+00 -2.93755770e-01
 -3.01976342e-02  4.02083012e-01 -1.77886499e+00]
2022-02-01 19:57:37,642 mloop.controllers    INFO     cost -0.0 +/- 0.0
2022-02-01 19:57:37,642 mloop.controllers    INFO     Run:8 (training)
2022-02-01 19:57:37,643 mloop.controllers    INFO     params [ 5.03435892e+01  5.02585955e+01  5.00729964e+00  1.87573454e-02
 -7.12892456e-01 -3.33536886e-01 -2.08480055e+00]
2022-02-01 19:57:52,604 mloop.controllers    INFO     cost -0.0 +/- 0.0
2022-02-01 19:57:52,604 mloop.controllers    INFO     Run:9 (training)
2022-02-01 19:57:52,606 mloop.controllers    INFO     params [50.56912975 50.17795611  5.08205966  0.78002488 -0.36607483  0.71333611
 -0.81042986]
2022-02-01 19:58:06,845 mloop.controllers    INFO     cost -0.0 +/- 0.0
2022-02-01 19:58:06,845 mloop.controllers    INFO     Run:10 (training)
2022-02-01 19:58:06,847 mloop.controllers    INFO     params [50.41031259 50.36355781  5.16091993 -0.4867318  -0.84227727 -1.21513235
 -2.13570978]
2022-02-01 19:58:21,206 mloop.controllers    INFO     cost -0.0 +/- 0.0
2022-02-01 19:58:21,206 mloop.controllers    INFO     Run:11 (training)
2022-02-01 19:58:21,207 mloop.controllers    INFO     params [50.56640967 50.21705097  5.11353309 -0.1238025  -1.14818645 -0.45013788
 -1.46171326]
2022-02-01 19:58:35,002 mloop.controllers    INFO     cost -0.0 +/- 0.0
2022-02-01 19:58:35,002 mloop.controllers    INFO     Run:12 (training)
2022-02-01 19:58:35,004 mloop.controllers    INFO     params [50.35063243 50.45114438  5.14833807  0.2874401  -0.27521021  0.75517454
 -0.76286977]
2022-02-01 19:58:49,454 mloop.controllers    INFO     cost -0.0 +/- 0.0
2022-02-01 19:58:49,454 mloop.controllers    INFO     Run:13 (training)
2022-02-01 19:58:49,456 mloop.controllers    INFO     params [50.55754085 50.23606793  5.18356802 -0.31069066 -1.31598642  0.74051599
 -1.03551352]
2022-02-01 19:59:10,493 mloop.controllers    INFO     cost -0.0 +/- 0.0
2022-02-01 19:59:10,493 mloop.controllers    INFO     Run:14 (training)
2022-02-01 19:59:10,495 mloop.controllers    INFO     params [50.38602046 50.48170866  5.17845103  0.4367653  -0.75990417 -0.65737065
 -1.19184621]
