2022-02-01 20:17:13,002 mloop                INFO     M-LOOP version 3.2.1
2022-02-01 20:17:13,003 mloop                DEBUG    M-LOOP Logger configured.
2022-02-01 20:17:13,003 mloop.interfaces     DEBUG    Creating interface.
2022-02-01 20:17:13,006 mloop.controllers    DEBUG    Controller init completed.
2022-02-01 20:17:13,008 mloop.learners.1     DEBUG    Learner init completed.
2022-02-01 20:17:13,010 mloop.learners.2     DEBUG    Learner init completed.
2022-02-01 20:17:13,040 mloop.controllers    INFO     Optimization started.
2022-02-01 20:17:13,042 mloop.interfaces     DEBUG    Entering main loop of interface.
2022-02-01 20:17:13,042 mloop.controllers    DEBUG    ML learner started.
2022-02-01 20:17:13,187 mloop.controllers    DEBUG    Starting training optimization.
2022-02-01 20:17:13,188 mloop.controllers    INFO     Run:1 (training)
2022-02-01 20:17:13,190 mloop.controllers    INFO     params [ 5.048e+01  5.032e+01  5.100e+00  5.000e-01 -8.000e-01 -2.000e-02
 -1.860e+00]
2022-02-01 20:17:28,031 mloop.controllers    INFO     cost -0.0 +/- 0.0
2022-02-01 20:17:28,032 mloop.controllers    INFO     Run:2 (training)
2022-02-01 20:17:28,034 mloop.controllers    INFO     params [50.58140467 50.58933837  5.2071282  -0.34228195 -0.06010287 -0.42916632
 -2.46123344]
2022-02-01 20:17:42,110 mloop.controllers    INFO     cost -0.0 +/- 0.0
2022-02-01 20:17:42,111 mloop.controllers    INFO     Run:3 (training)
2022-02-01 20:17:42,113 mloop.controllers    INFO     params [50.45831756 50.52834159  5.04020815 -0.11706263  0.31741802 -1.02815788
 -0.27072888]
2022-02-01 20:17:54,881 mloop.controllers    INFO     cost -0.0 +/- 0.0
2022-02-01 20:17:54,882 mloop.controllers    INFO     Run:4 (training)
2022-02-01 20:17:54,885 mloop.controllers    INFO     params [50.32409928 50.45129346  5.04061201  0.5000558  -1.23284091 -0.41603925
 -0.54958709]
2022-02-01 20:18:05,743 mloop.controllers    INFO     cost -0.0 +/- 0.0
2022-02-01 20:18:05,744 mloop.controllers    INFO     Run:5 (training)
2022-02-01 20:18:05,745 mloop.controllers    INFO     params [50.64603952 50.15019352  5.01377598 -0.31128439 -1.28731584  0.34495274
 -0.42605996]
2022-02-01 20:18:22,699 mloop.controllers    INFO     cost -0.0 +/- 0.0
2022-02-01 20:18:22,699 mloop.controllers    INFO     Run:6 (training)
2022-02-01 20:18:22,701 mloop.controllers    INFO     params [50.45189043 50.4581708   5.06784881  0.16149725 -0.59262656  0.72575094
 -0.45815133]
2022-02-01 20:18:40,938 mloop.controllers    INFO     cost -0.0 +/- 0.0
2022-02-01 20:18:40,938 mloop.controllers    INFO     Run:7 (training)
2022-02-01 20:18:40,940 mloop.controllers    INFO     params [ 5.04390868e+01  5.03418771e+01  5.22538809e+00  4.86329460e-02
 -9.23010857e-01 -4.33412335e-01 -1.68940713e+00]
2022-02-01 20:18:56,379 mloop.controllers    INFO     cost -0.0 +/- 0.0
2022-02-01 20:18:56,380 mloop.controllers    INFO     Run:8 (training)
2022-02-01 20:18:56,381 mloop.controllers    INFO     params [50.58987041 50.48078473  5.24749949 -0.06701898 -1.05346863 -1.23615609
 -0.63515664]
2022-02-01 20:19:11,988 mloop.controllers    INFO     cost -0.0 +/- 0.0
2022-02-01 20:19:11,989 mloop.controllers    INFO     Run:9 (training)
2022-02-01 20:19:11,991 mloop.controllers    INFO     params [50.42936996 50.3896333   5.06360442  0.48458971 -0.08937005  0.49762151
 -1.10039175]
2022-02-01 20:19:34,383 mloop.controllers    INFO     cost -0.0 +/- 0.0
2022-02-01 20:19:34,383 mloop.controllers    INFO     Run:10 (training)
2022-02-01 20:19:34,386 mloop.controllers    INFO     params [50.44009888 50.49536687  5.23623455  0.96267894 -1.27878751 -0.47918272
 -0.51939693]
2022-02-01 20:19:52,284 mloop.controllers    INFO     cost -0.0 +/- 0.0
2022-02-01 20:19:52,284 mloop.controllers    INFO     Run:11 (training)
2022-02-01 20:19:52,286 mloop.controllers    INFO     params [50.39116228 50.30101912  5.23347237  0.22603014 -1.46209236  0.38821627
 -1.50010737]
2022-02-01 20:20:05,184 mloop.controllers    INFO     cost -0.0 +/- 0.0
2022-02-01 20:20:05,185 mloop.controllers    INFO     Run:12 (training)
2022-02-01 20:20:05,187 mloop.controllers    INFO     params [50.4198188  50.26960762  5.01306267  0.22323794 -0.65860465 -0.84381106
 -2.46429859]
2022-02-01 20:20:19,713 mloop.controllers    INFO     cost -0.0 +/- 0.0
2022-02-01 20:20:19,714 mloop.controllers    INFO     Run:13 (training)
2022-02-01 20:20:19,716 mloop.controllers    INFO     params [50.43946805 50.29842819  5.20501328  0.05934962 -1.3597643  -0.77448061
 -2.05962847]
2022-02-01 20:20:36,523 mloop.controllers    INFO     cost -0.0 +/- 0.0
2022-02-01 20:20:36,523 mloop.controllers    INFO     Run:14 (training)
2022-02-01 20:20:36,525 mloop.controllers    INFO     params [50.43484157 50.53869945  5.22013539  0.10397248 -0.83569461  0.83809496
 -1.0123726 ]
2022-02-01 20:20:49,623 mloop.controllers    INFO     cost -0.0 +/- 0.0
2022-02-01 20:20:49,624 mloop.controllers    INFO     Run:15 (training)
2022-02-01 20:20:49,626 mloop.controllers    INFO     params [50.3124035  50.57001934  5.0654294   0.23759792 -0.81529921 -0.87200919
 -0.3700418 ]
2022-02-01 20:21:08,830 mloop.controllers    INFO     cost -0.0 +/- 0.0
2022-02-01 20:21:08,831 mloop.controllers    INFO     Run:16 (training)
2022-02-01 20:21:08,834 mloop.controllers    INFO     params [50.45965487 50.41130776  5.00919064  0.91672352 -0.66073223  0.27758148
 -2.42242861]
2022-02-01 20:21:24,008 mloop.controllers    INFO     cost -0.0 +/- 0.0
2022-02-01 20:21:24,008 mloop.controllers    INFO     Run:17 (training)
2022-02-01 20:21:24,011 mloop.controllers    INFO     params [ 5.04407151e+01  5.01392083e+01  5.24179992e+00  9.41956499e-03
 -1.24552107e+00 -1.07211325e+00 -2.48859451e+00]
2022-02-01 20:21:39,311 mloop.controllers    INFO     cost -0.0 +/- 0.0
2022-02-01 20:21:39,311 mloop.controllers    INFO     Run:18 (training)
2022-02-01 20:21:39,313 mloop.controllers    INFO     params [50.38431395 50.3918191   5.04362594 -0.13946435 -0.11550334 -0.59804699
 -0.26495242]
2022-02-01 20:21:54,503 mloop.controllers    INFO     cost -0.0 +/- 0.0
2022-02-01 20:21:54,504 mloop.controllers    INFO     Run:19 (training)
2022-02-01 20:21:54,505 mloop.controllers    INFO     params [50.63295451 50.36581728  5.1033752   0.62236289  0.09780158 -0.87290686
 -0.60603149]
2022-02-01 20:22:05,388 mloop.controllers    INFO     cost -0.0 +/- 0.0
2022-02-01 20:22:05,389 mloop.controllers    INFO     Run:20 (training)
2022-02-01 20:22:05,390 mloop.controllers    INFO     params [ 5.04559556e+01  5.01198954e+01  5.01464081e+00  4.72096906e-01
 -2.25993756e-02 -1.12612027e+00 -1.51032739e+00]
2022-02-01 20:22:22,914 mloop.controllers    INFO     cost -0.0 +/- 0.0
2022-02-01 20:22:22,914 mloop.controllers    INFO     Run:21 (training)
2022-02-01 20:22:22,916 mloop.controllers    INFO     params [50.53237003 50.40323418  5.09005042  0.29571199  0.37407551  0.21686661
 -0.91184827]
2022-02-01 20:22:35,504 mloop.controllers    INFO     cost -0.0 +/- 0.0
2022-02-01 20:22:35,505 mloop.controllers    INFO     Run:22 (training)
2022-02-01 20:22:35,506 mloop.controllers    INFO     params [50.42634292 50.21038243  5.18257067 -0.28280914 -0.56593005  0.52459101
 -0.15665914]
2022-02-01 20:22:50,905 mloop.controllers    INFO     cost -0.0 +/- 0.0
2022-02-01 20:22:50,905 mloop.controllers    INFO     Run:23 (training)
2022-02-01 20:22:50,909 mloop.controllers    INFO     params [50.57558567 50.4209779   5.096525    0.52140052 -1.38633848  0.73780598
 -2.31960414]
2022-02-01 20:23:06,477 mloop.controllers    INFO     cost -0.0 +/- 0.0
2022-02-01 20:23:06,477 mloop.controllers    INFO     Run:24 (training)
2022-02-01 20:23:06,481 mloop.controllers    INFO     params [50.47083046 50.28480798  5.12476821 -0.42892069 -0.56192707 -0.24550759
 -2.24338931]
2022-02-01 20:23:22,915 mloop.controllers    INFO     cost -0.0 +/- 0.0
2022-02-01 20:23:22,916 mloop.controllers    INFO     Run:25 (training)
2022-02-01 20:23:22,918 mloop.controllers    INFO     params [50.31817527 50.31663694  5.02485293  0.195308   -1.07953034 -0.53378784
 -1.1212824 ]
2022-02-01 20:23:30,755 mloop.controllers    WARNING  Controller ended due to exception of some kind. Starting shut down...
2022-02-01 20:23:30,756 mloop.controllers    DEBUG    ML learner end set.
